[30-Jun-2016-18:11:59:299][31][ViewSourceProvider][DEBUG]: View source provider has been disposed.
[30-Jun-2016-18:12:00:373][122][ResourceManager$InternalManager][DEBUG]: Image registry was disposed: true
[30-Jun-2016-18:12:00:375][124][ResourceManager$InternalManager][DEBUG]: Color registry was disposed: true
[30-Jun-2016-18:12:00:376][126][ResourceManager$InternalManager][DEBUG]: Font registry was disposed: true
[01-Jul-2016-11:49:01:687][31][ViewSourceProvider][DEBUG]: View source provider has been disposed.
[01-Jul-2016-11:49:02:695][122][ResourceManager$InternalManager][DEBUG]: Image registry was disposed: true
[01-Jul-2016-11:49:02:696][124][ResourceManager$InternalManager][DEBUG]: Color registry was disposed: true
[01-Jul-2016-11:49:02:697][126][ResourceManager$InternalManager][DEBUG]: Font registry was disposed: true
[04-Jul-2016-13:59:38:585][31][ViewSourceProvider][DEBUG]: View source provider has been disposed.
[04-Jul-2016-13:59:39:638][122][ResourceManager$InternalManager][DEBUG]: Image registry was disposed: true
[04-Jul-2016-13:59:39:640][124][ResourceManager$InternalManager][DEBUG]: Color registry was disposed: true
[04-Jul-2016-13:59:39:640][126][ResourceManager$InternalManager][DEBUG]: Font registry was disposed: true
[18-Jul-2016-10:42:54:330][31][ViewSourceProvider][DEBUG]: View source provider has been disposed.
[18-Jul-2016-10:42:55:382][122][ResourceManager$InternalManager][DEBUG]: Image registry was disposed: true
[18-Jul-2016-10:42:55:384][124][ResourceManager$InternalManager][DEBUG]: Color registry was disposed: true
[18-Jul-2016-10:42:55:387][126][ResourceManager$InternalManager][DEBUG]: Font registry was disposed: true
[18-Jul-2016-13:29:38:984][31][ViewSourceProvider][DEBUG]: View source provider has been disposed.
[18-Jul-2016-13:29:39:921][122][ResourceManager$InternalManager][DEBUG]: Image registry was disposed: true
[18-Jul-2016-13:29:39:923][124][ResourceManager$InternalManager][DEBUG]: Color registry was disposed: true
[18-Jul-2016-13:29:39:924][126][ResourceManager$InternalManager][DEBUG]: Font registry was disposed: true
[18-Jul-2016-15:22:20:038][31][ViewSourceProvider][DEBUG]: View source provider has been disposed.
[18-Jul-2016-15:22:21:078][122][ResourceManager$InternalManager][DEBUG]: Image registry was disposed: true
[18-Jul-2016-15:22:21:082][124][ResourceManager$InternalManager][DEBUG]: Color registry was disposed: true
[18-Jul-2016-15:22:21:082][126][ResourceManager$InternalManager][DEBUG]: Font registry was disposed: true
[18-Jul-2016-16:22:08:080][31][ViewSourceProvider][DEBUG]: View source provider has been disposed.
[18-Jul-2016-16:22:09:166][122][ResourceManager$InternalManager][DEBUG]: Image registry was disposed: true
[18-Jul-2016-16:22:09:168][124][ResourceManager$InternalManager][DEBUG]: Color registry was disposed: true
[18-Jul-2016-16:22:09:168][126][ResourceManager$InternalManager][DEBUG]: Font registry was disposed: true
[18-Jul-2016-16:51:35:765][31][ViewSourceProvider][DEBUG]: View source provider has been disposed.
[18-Jul-2016-16:51:36:793][122][ResourceManager$InternalManager][DEBUG]: Image registry was disposed: true
[18-Jul-2016-16:51:36:794][124][ResourceManager$InternalManager][DEBUG]: Color registry was disposed: true
[18-Jul-2016-16:51:36:795][126][ResourceManager$InternalManager][DEBUG]: Font registry was disposed: true
[19-Jul-2016-15:44:47:932][31][ViewSourceProvider][DEBUG]: View source provider has been disposed.
[19-Jul-2016-15:44:48:996][122][ResourceManager$InternalManager][DEBUG]: Image registry was disposed: true
[19-Jul-2016-15:44:48:998][124][ResourceManager$InternalManager][DEBUG]: Color registry was disposed: true
[19-Jul-2016-15:44:48:998][126][ResourceManager$InternalManager][DEBUG]: Font registry was disposed: true
[27-Jul-2016-13:33:58:776][31][ViewSourceProvider][DEBUG]: View source provider has been disposed.
[27-Jul-2016-13:33:59:744][122][ResourceManager$InternalManager][DEBUG]: Image registry was disposed: true
[27-Jul-2016-13:33:59:746][124][ResourceManager$InternalManager][DEBUG]: Color registry was disposed: true
[27-Jul-2016-13:33:59:747][126][ResourceManager$InternalManager][DEBUG]: Font registry was disposed: true
[28-Jul-2016-09:50:09:431][31][ViewSourceProvider][DEBUG]: View source provider has been disposed.
[28-Jul-2016-09:50:10:952][122][ResourceManager$InternalManager][DEBUG]: Image registry was disposed: true
[28-Jul-2016-09:50:10:956][124][ResourceManager$InternalManager][DEBUG]: Color registry was disposed: true
[28-Jul-2016-09:50:10:956][126][ResourceManager$InternalManager][DEBUG]: Font registry was disposed: true
[28-Jul-2016-12:13:51:247][31][ViewSourceProvider][DEBUG]: View source provider has been disposed.
[28-Jul-2016-12:13:52:227][122][ResourceManager$InternalManager][DEBUG]: Image registry was disposed: true
[28-Jul-2016-12:13:52:229][124][ResourceManager$InternalManager][DEBUG]: Color registry was disposed: true
[28-Jul-2016-12:13:52:229][126][ResourceManager$InternalManager][DEBUG]: Font registry was disposed: true
[28-Jul-2016-14:35:51:833][31][ViewSourceProvider][DEBUG]: View source provider has been disposed.
[28-Jul-2016-14:35:57:394][122][ResourceManager$InternalManager][DEBUG]: Image registry was disposed: true
[28-Jul-2016-14:35:57:396][124][ResourceManager$InternalManager][DEBUG]: Color registry was disposed: true
[28-Jul-2016-14:35:57:396][126][ResourceManager$InternalManager][DEBUG]: Font registry was disposed: true
[04-Aug-2016-21:53:39:958][31][ViewSourceProvider][DEBUG]: View source provider has been disposed.
[04-Aug-2016-21:53:40:929][122][ResourceManager$InternalManager][DEBUG]: Image registry was disposed: true
[04-Aug-2016-21:53:40:930][124][ResourceManager$InternalManager][DEBUG]: Color registry was disposed: true
[04-Aug-2016-21:53:40:931][126][ResourceManager$InternalManager][DEBUG]: Font registry was disposed: true
[16-Aug-2016-09:40:02:607][31][ViewSourceProvider][DEBUG]: View source provider has been disposed.
[16-Aug-2016-09:40:03:942][122][ResourceManager$InternalManager][DEBUG]: Image registry was disposed: true
[16-Aug-2016-09:40:03:944][124][ResourceManager$InternalManager][DEBUG]: Color registry was disposed: true
[16-Aug-2016-09:40:03:945][126][ResourceManager$InternalManager][DEBUG]: Font registry was disposed: true
[17-Aug-2016-10:55:07:864][31][ViewSourceProvider][DEBUG]: View source provider has been disposed.
[17-Aug-2016-10:55:19:176][122][ResourceManager$InternalManager][DEBUG]: Image registry was disposed: true
[17-Aug-2016-10:55:19:180][124][ResourceManager$InternalManager][DEBUG]: Color registry was disposed: true
[17-Aug-2016-10:55:19:181][126][ResourceManager$InternalManager][DEBUG]: Font registry was disposed: true
[18-Aug-2016-09:59:55:256][31][ViewSourceProvider][DEBUG]: View source provider has been disposed.
[18-Aug-2016-09:59:56:760][122][ResourceManager$InternalManager][DEBUG]: Image registry was disposed: true
[18-Aug-2016-09:59:56:762][124][ResourceManager$InternalManager][DEBUG]: Color registry was disposed: true
[18-Aug-2016-09:59:56:763][126][ResourceManager$InternalManager][DEBUG]: Font registry was disposed: true
[05-Sep-2016-18:51:35:495][31][ViewSourceProvider][DEBUG]: View source provider has been disposed.
[05-Sep-2016-18:51:37:326][122][ResourceManager$InternalManager][DEBUG]: Image registry was disposed: true
[05-Sep-2016-18:51:37:328][124][ResourceManager$InternalManager][DEBUG]: Color registry was disposed: true
[05-Sep-2016-18:51:37:329][126][ResourceManager$InternalManager][DEBUG]: Font registry was disposed: true
[07-Sep-2016-17:27:10:663][31][ViewSourceProvider][DEBUG]: View source provider has been disposed.
[07-Sep-2016-17:27:12:415][122][ResourceManager$InternalManager][DEBUG]: Image registry was disposed: true
[07-Sep-2016-17:27:12:416][124][ResourceManager$InternalManager][DEBUG]: Color registry was disposed: true
[07-Sep-2016-17:27:12:417][126][ResourceManager$InternalManager][DEBUG]: Font registry was disposed: true
